
  .   ____          _            __ _ _
 /\\ / ___'_ __ _ _(_)_ __  __ _ \ \ \ \
( ( )\___ | '_ | '_| | '_ \/ _` | \ \ \ \
 \\/  ___)| |_)| | | | | || (_| |  ) ) ) )
  '  |____| .__|_| |_|_| |_\__, | / / / /
 =========|_|==============|___/=/_/_/_/
 :: Spring Boot ::                (v3.1.5)

2025-11-09T13:48:45.460+01:00  INFO 32356 --- [           main] com.altenshop.Application                : Starting Application v0.0.1-SNAPSHOT using Java 21.0.7 with PID 32356 (C:\Users\mathi\OneDrive\Desktop\dossier technique\product-trial-master\product-trial-master\back\target\back-0.0.1-SNAPSHOT.jar started by mathi in C:\Users\mathi\OneDrive\Desktop\dossier technique\product-trial-master\product-trial-master\back)
2025-11-09T13:48:45.462+01:00  INFO 32356 --- [           main] com.altenshop.Application                : No active profile set, falling back to 1 default profile: "default"
2025-11-09T13:48:46.557+01:00  INFO 32356 --- [           main] .s.d.r.c.RepositoryConfigurationDelegate : Bootstrapping Spring Data JPA repositories in DEFAULT mode.
2025-11-09T13:48:46.647+01:00  INFO 32356 --- [           main] .s.d.r.c.RepositoryConfigurationDelegate : Finished Spring Data repository scanning in 79 ms. Found 2 JPA repository interfaces.
2025-11-09T13:48:47.720+01:00  INFO 32356 --- [           main] o.s.b.w.embedded.tomcat.TomcatWebServer  : Tomcat initialized with port(s): 3000 (http)
2025-11-09T13:48:47.736+01:00  INFO 32356 --- [           main] o.apache.catalina.core.StandardService   : Starting service [Tomcat]
2025-11-09T13:48:47.737+01:00  INFO 32356 --- [           main] o.apache.catalina.core.StandardEngine    : Starting Servlet engine: [Apache Tomcat/10.1.15]
2025-11-09T13:48:47.828+01:00  INFO 32356 --- [           main] o.a.c.c.C.[Tomcat].[localhost].[/]       : Initializing Spring embedded WebApplicationContext
2025-11-09T13:48:47.829+01:00  INFO 32356 --- [           main] w.s.c.ServletWebServerApplicationContext : Root WebApplicationContext: initialization completed in 2304 ms
2025-11-09T13:48:48.008+01:00  INFO 32356 --- [           main] o.hibernate.jpa.internal.util.LogHelper  : HHH000204: Processing PersistenceUnitInfo [name: default]
2025-11-09T13:48:48.063+01:00  INFO 32356 --- [           main] org.hibernate.Version                    : HHH000412: Hibernate ORM core version 6.2.13.Final
2025-11-09T13:48:48.065+01:00  INFO 32356 --- [           main] org.hibernate.cfg.Environment            : HHH000406: Using bytecode reflection optimizer
2025-11-09T13:48:48.395+01:00  INFO 32356 --- [           main] o.s.o.j.p.SpringPersistenceUnitInfo      : No LoadTimeWeaver setup: ignoring JPA class transformer
2025-11-09T13:48:48.434+01:00  INFO 32356 --- [           main] com.zaxxer.hikari.HikariDataSource       : HikariPool-1 - Starting...
2025-11-09T13:48:48.610+01:00  INFO 32356 --- [           main] com.zaxxer.hikari.pool.HikariPool        : HikariPool-1 - Added connection conn0: url=jdbc:h2:mem:altenshop user=SA
2025-11-09T13:48:48.612+01:00  INFO 32356 --- [           main] com.zaxxer.hikari.HikariDataSource       : HikariPool-1 - Start completed.
2025-11-09T13:48:49.422+01:00  INFO 32356 --- [           main] o.h.e.t.j.p.i.JtaPlatformInitiator       : HHH000489: No JTA platform available (set 'hibernate.transaction.jta.platform' to enable JTA platform integration)
2025-11-09T13:48:49.481+01:00  INFO 32356 --- [           main] j.LocalContainerEntityManagerFactoryBean : Initialized JPA EntityManagerFactory for persistence unit 'default'
2025-11-09T13:48:50.094+01:00  WARN 32356 --- [           main] JpaBaseConfiguration$JpaWebConfiguration : spring.jpa.open-in-view is enabled by default. Therefore, database queries may be performed during view rendering. Explicitly configure spring.jpa.open-in-view to disable this warning
2025-11-09T13:48:50.144+01:00  WARN 32356 --- [           main] .s.s.UserDetailsServiceAutoConfiguration : 

Using generated security password: 08643e60-d8d4-4cf3-ba01-d979ec4c4b2c

This generated password is for development use only. Your security configuration must be updated before running your application in production.

2025-11-09T13:48:50.473+01:00  INFO 32356 --- [           main] o.s.s.web.DefaultSecurityFilterChain     : Will secure any request with [org.springframework.security.web.session.DisableEncodeUrlFilter@6bccd036, org.springframework.security.web.context.request.async.WebAsyncManagerIntegrationFilter@4f4c88f9, org.springframework.security.web.context.SecurityContextHolderFilter@47ac613b, org.springframework.security.web.header.HeaderWriterFilter@633fd91, org.springframework.security.web.authentication.logout.LogoutFilter@3ce443f9, com.altenshop.config.SecurityConfig$JwtAuthFilter@6a756082, org.springframework.security.web.savedrequest.RequestCacheAwareFilter@66f28a1f, org.springframework.security.web.servletapi.SecurityContextHolderAwareRequestFilter@44a085e5, org.springframework.security.web.authentication.AnonymousAuthenticationFilter@cb39552, org.springframework.security.web.session.SessionManagementFilter@1dd74143, org.springframework.security.web.access.ExceptionTranslationFilter@7c781c42, org.springframework.security.web.access.intercept.AuthorizationFilter@766a49c7]
2025-11-09T13:48:50.742+01:00  INFO 32356 --- [           main] o.s.b.w.embedded.tomcat.TomcatWebServer  : Tomcat started on port(s): 3000 (http) with context path ''
2025-11-09T13:48:50.765+01:00  INFO 32356 --- [           main] com.altenshop.Application                : Started Application in 5.777 seconds (process running for 6.546)
2025-11-09T13:49:07.228+01:00  INFO 32356 --- [nio-3000-exec-1] o.a.c.c.C.[Tomcat].[localhost].[/]       : Initializing Spring DispatcherServlet 'dispatcherServlet'
2025-11-09T13:49:07.230+01:00  INFO 32356 --- [nio-3000-exec-1] o.s.web.servlet.DispatcherServlet        : Initializing Servlet 'dispatcherServlet'
2025-11-09T13:49:07.231+01:00  INFO 32356 --- [nio-3000-exec-1] o.s.web.servlet.DispatcherServlet        : Completed initialization in 1 ms
